19:01:26 **** Incremental Build of configuration Debug for project FreeRtosPosixPlantControlEjercicio1Template ****
make all 
Building file: ../main.c
Invoking: GCC C Compiler
gcc -I"/home/adidi/SEAR_workspace/FreeRtosPosixPlantControlEjercicio1Template/FreeRTOS/Source/include" -I"/home/adidi/SEAR_workspace/FreeRtosPosixPlantControlEjercicio1Template/FreeRTOS/Source/portable/GCC/Posix" -O0 -g3 -Wall -c -fmessage-length=0 -MMD -MP -MF"main.d" -MT"main.o" -o "main.o" "../main.c"
../main.c: In function ‘UpdateRS232Display’:
../main.c:106:6: warning: type of ‘Key’ defaults to ‘int’ [-Wimplicit-int]
 void UpdateRS232Display( Key ){
      ^~~~~~~~~~~~~~~~~~
Finished building: ../main.c
 
Building target: FreeRtosPosixPlantControlEjercicio1Template
Invoking: GCC C Linker
gcc  -o "FreeRtosPosixPlantControlEjercicio1Template"  ./FreeRTOS/Source/portable/MemMang/heap_3.o  ./FreeRTOS/Source/portable/GCC/Posix/port.o  ./FreeRTOS/Source/croutine.o ./FreeRTOS/Source/event_groups.o ./FreeRTOS/Source/list.o ./FreeRTOS/Source/queue.o ./FreeRTOS/Source/tasks.o ./FreeRTOS/Source/timers.o  ./main.o   -lpthread
Finished building target: FreeRtosPosixPlantControlEjercicio1Template
 
19:01:34 **** Incremental Build of configuration Debug for project FreeRtosPosixPlantControlEjercicio1Template ****
make all 
make: No se hace nada para 'all'.
15:28:00 **** Build of configuration Debug for project FreeRtosPosixPlantControlEjercicio2Template ****
make all 
Building file: ../FreeRTOS/Source/portable/MemMang/heap_3.c
Invoking: GCC C Compiler
gcc -I"/home/adidi/SEAR_workspace/FreeRtosPosixPlantControlEjercicio2Template/FreeRTOS/Source/include" -I"/home/adidi/SEAR_workspace/FreeRtosPosixPlantControlEjercicio2Template/FreeRTOS/Source/portable/GCC/Posix" -O0 -g3 -Wall -c -fmessage-length=0 -MMD -MP -MF"FreeRTOS/Source/portable/MemMang/heap_3.d" -MT"FreeRTOS/Source/portable/MemMang/heap_3.o" -o "FreeRTOS/Source/portable/MemMang/heap_3.o" "../FreeRTOS/Source/portable/MemMang/heap_3.c"
Finished building: ../FreeRTOS/Source/portable/MemMang/heap_3.c
 
Building file: ../FreeRTOS/Source/portable/GCC/Posix/port.c
Invoking: GCC C Compiler
gcc -I"/home/adidi/SEAR_workspace/FreeRtosPosixPlantControlEjercicio2Template/FreeRTOS/Source/include" -I"/home/adidi/SEAR_workspace/FreeRtosPosixPlantControlEjercicio2Template/FreeRTOS/Source/portable/GCC/Posix" -O0 -g3 -Wall -c -fmessage-length=0 -MMD -MP -MF"FreeRTOS/Source/portable/GCC/Posix/port.d" -MT"FreeRTOS/Source/portable/GCC/Posix/port.o" -o "FreeRTOS/Source/portable/GCC/Posix/port.o" "../FreeRTOS/Source/portable/GCC/Posix/port.c"
Finished building: ../FreeRTOS/Source/portable/GCC/Posix/port.c
 
Building file: ../FreeRTOS/Source/croutine.c
Invoking: GCC C Compiler
gcc -I"/home/adidi/SEAR_workspace/FreeRtosPosixPlantControlEjercicio2Template/FreeRTOS/Source/include" -I"/home/adidi/SEAR_workspace/FreeRtosPosixPlantControlEjercicio2Template/FreeRTOS/Source/portable/GCC/Posix" -O0 -g3 -Wall -c -fmessage-length=0 -MMD -MP -MF"FreeRTOS/Source/croutine.d" -MT"FreeRTOS/Source/croutine.o" -o "FreeRTOS/Source/croutine.o" "../FreeRTOS/Source/croutine.c"
Finished building: ../FreeRTOS/Source/croutine.c
 
Building file: ../FreeRTOS/Source/event_groups.c
Invoking: GCC C Compiler
gcc -I"/home/adidi/SEAR_workspace/FreeRtosPosixPlantControlEjercicio2Template/FreeRTOS/Source/include" -I"/home/adidi/SEAR_workspace/FreeRtosPosixPlantControlEjercicio2Template/FreeRTOS/Source/portable/GCC/Posix" -O0 -g3 -Wall -c -fmessage-length=0 -MMD -MP -MF"FreeRTOS/Source/event_groups.d" -MT"FreeRTOS/Source/event_groups.o" -o "FreeRTOS/Source/event_groups.o" "../FreeRTOS/Source/event_groups.c"
Finished building: ../FreeRTOS/Source/event_groups.c
 
Building file: ../FreeRTOS/Source/list.c
Invoking: GCC C Compiler
gcc -I"/home/adidi/SEAR_workspace/FreeRtosPosixPlantControlEjercicio2Template/FreeRTOS/Source/include" -I"/home/adidi/SEAR_workspace/FreeRtosPosixPlantControlEjercicio2Template/FreeRTOS/Source/portable/GCC/Posix" -O0 -g3 -Wall -c -fmessage-length=0 -MMD -MP -MF"FreeRTOS/Source/list.d" -MT"FreeRTOS/Source/list.o" -o "FreeRTOS/Source/list.o" "../FreeRTOS/Source/list.c"
Finished building: ../FreeRTOS/Source/list.c
 
Building file: ../FreeRTOS/Source/queue.c
Invoking: GCC C Compiler
gcc -I"/home/adidi/SEAR_workspace/FreeRtosPosixPlantControlEjercicio2Template/FreeRTOS/Source/include" -I"/home/adidi/SEAR_workspace/FreeRtosPosixPlantControlEjercicio2Template/FreeRTOS/Source/portable/GCC/Posix" -O0 -g3 -Wall -c -fmessage-length=0 -MMD -MP -MF"FreeRTOS/Source/queue.d" -MT"FreeRTOS/Source/queue.o" -o "FreeRTOS/Source/queue.o" "../FreeRTOS/Source/queue.c"
Finished building: ../FreeRTOS/Source/queue.c
 
Building file: ../FreeRTOS/Source/tasks.c
Invoking: GCC C Compiler
gcc -I"/home/adidi/SEAR_workspace/FreeRtosPosixPlantControlEjercicio2Template/FreeRTOS/Source/include" -I"/home/adidi/SEAR_workspace/FreeRtosPosixPlantControlEjercicio2Template/FreeRTOS/Source/portable/GCC/Posix" -O0 -g3 -Wall -c -fmessage-length=0 -MMD -MP -MF"FreeRTOS/Source/tasks.d" -MT"FreeRTOS/Source/tasks.o" -o "FreeRTOS/Source/tasks.o" "../FreeRTOS/Source/tasks.c"
Finished building: ../FreeRTOS/Source/tasks.c
 
Building file: ../FreeRTOS/Source/timers.c
Invoking: GCC C Compiler
gcc -I"/home/adidi/SEAR_workspace/FreeRtosPosixPlantControlEjercicio2Template/FreeRTOS/Source/include" -I"/home/adidi/SEAR_workspace/FreeRtosPosixPlantControlEjercicio2Template/FreeRTOS/Source/portable/GCC/Posix" -O0 -g3 -Wall -c -fmessage-length=0 -MMD -MP -MF"FreeRTOS/Source/timers.d" -MT"FreeRTOS/Source/timers.o" -o "FreeRTOS/Source/timers.o" "../FreeRTOS/Source/timers.c"
Finished building: ../FreeRTOS/Source/timers.c
 
Building file: ../main.c
Invoking: GCC C Compiler
gcc -I"/home/adidi/SEAR_workspace/FreeRtosPosixPlantControlEjercicio2Template/FreeRTOS/Source/include" -I"/home/adidi/SEAR_workspace/FreeRtosPosixPlantControlEjercicio2Template/FreeRTOS/Source/portable/GCC/Posix" -O0 -g3 -Wall -c -fmessage-length=0 -MMD -MP -MF"main.d" -MT"main.o" -o "main.o" "../main.c"
../main.c: In function ‘UpdateRS232Display’:
../main.c:127:6: warning: type of ‘Key’ defaults to ‘int’ [-Wimplicit-int]
 void UpdateRS232Display( Key ){
      ^~~~~~~~~~~~~~~~~~
Finished building: ../main.c
 
Building target: FreeRtosPosixPlantControlEjercicio2Template
Invoking: GCC C Linker
gcc  -o "FreeRtosPosixPlantControlEjercicio2Template"  ./FreeRTOS/Source/portable/MemMang/heap_3.o  ./FreeRTOS/Source/portable/GCC/Posix/port.o  ./FreeRTOS/Source/croutine.o ./FreeRTOS/Source/event_groups.o ./FreeRTOS/Source/list.o ./FreeRTOS/Source/queue.o ./FreeRTOS/Source/tasks.o ./FreeRTOS/Source/timers.o  ./main.o   -lpthread
Finished building target: FreeRtosPosixPlantControlEjercicio2Template
 
15:28:23 **** Incremental Build of configuration Debug for project FreeRtosPosixPlantControlEjercicio1Template ****
make all 
make: No se hace nada para 'all'.
16:15:50 **** Incremental Build of configuration Debug for project FreeRtosPosixPlantControlEjercicio2Template ****
make all 
make: No se hace nada para 'all'.
16:16:03 **** Incremental Build of configuration Debug for project FreeRtosPosixPlantControlEjercicio2Template ****
make all 
make: No se hace nada para 'all'.
