17:40:48 **** Build of configuration Debug for project holamundo_c ****
make all 
Building file: ../FreeRTOS/Source/portable/MemMang/heap_3.c
Invoking: GCC C Compiler
gcc -I"/home/adidi/SEAR_workspace/holamundo_c/FreeRTOS/Source/include" -I"/home/adidi/SEAR_workspace/holamundo_c/FreeRTOS/Source/portable/GCC/Posix" -I"/home/adidi/SEAR_workspace/holamundo_c/FreeRTOS/Source/portable/MemMang" -O0 -g3 -Wall -c -fmessage-length=0 -MMD -MP -MF"FreeRTOS/Source/portable/MemMang/heap_3.d" -MT"FreeRTOS/Source/portable/MemMang/heap_3.o" -o "FreeRTOS/Source/portable/MemMang/heap_3.o" "../FreeRTOS/Source/portable/MemMang/heap_3.c"
Finished building: ../FreeRTOS/Source/portable/MemMang/heap_3.c
 
Building file: ../FreeRTOS/Source/portable/GCC/Posix/port.c
Invoking: GCC C Compiler
gcc -I"/home/adidi/SEAR_workspace/holamundo_c/FreeRTOS/Source/include" -I"/home/adidi/SEAR_workspace/holamundo_c/FreeRTOS/Source/portable/GCC/Posix" -I"/home/adidi/SEAR_workspace/holamundo_c/FreeRTOS/Source/portable/MemMang" -O0 -g3 -Wall -c -fmessage-length=0 -MMD -MP -MF"FreeRTOS/Source/portable/GCC/Posix/port.d" -MT"FreeRTOS/Source/portable/GCC/Posix/port.o" -o "FreeRTOS/Source/portable/GCC/Posix/port.o" "../FreeRTOS/Source/portable/GCC/Posix/port.c"
Finished building: ../FreeRTOS/Source/portable/GCC/Posix/port.c
 
Building file: ../FreeRTOS/Source/croutine.c
Invoking: GCC C Compiler
gcc -I"/home/adidi/SEAR_workspace/holamundo_c/FreeRTOS/Source/include" -I"/home/adidi/SEAR_workspace/holamundo_c/FreeRTOS/Source/portable/GCC/Posix" -I"/home/adidi/SEAR_workspace/holamundo_c/FreeRTOS/Source/portable/MemMang" -O0 -g3 -Wall -c -fmessage-length=0 -MMD -MP -MF"FreeRTOS/Source/croutine.d" -MT"FreeRTOS/Source/croutine.o" -o "FreeRTOS/Source/croutine.o" "../FreeRTOS/Source/croutine.c"
Finished building: ../FreeRTOS/Source/croutine.c
 
Building file: ../FreeRTOS/Source/event_groups.c
Invoking: GCC C Compiler
gcc -I"/home/adidi/SEAR_workspace/holamundo_c/FreeRTOS/Source/include" -I"/home/adidi/SEAR_workspace/holamundo_c/FreeRTOS/Source/portable/GCC/Posix" -I"/home/adidi/SEAR_workspace/holamundo_c/FreeRTOS/Source/portable/MemMang" -O0 -g3 -Wall -c -fmessage-length=0 -MMD -MP -MF"FreeRTOS/Source/event_groups.d" -MT"FreeRTOS/Source/event_groups.o" -o "FreeRTOS/Source/event_groups.o" "../FreeRTOS/Source/event_groups.c"
Finished building: ../FreeRTOS/Source/event_groups.c
 
Building file: ../FreeRTOS/Source/list.c
Invoking: GCC C Compiler
gcc -I"/home/adidi/SEAR_workspace/holamundo_c/FreeRTOS/Source/include" -I"/home/adidi/SEAR_workspace/holamundo_c/FreeRTOS/Source/portable/GCC/Posix" -I"/home/adidi/SEAR_workspace/holamundo_c/FreeRTOS/Source/portable/MemMang" -O0 -g3 -Wall -c -fmessage-length=0 -MMD -MP -MF"FreeRTOS/Source/list.d" -MT"FreeRTOS/Source/list.o" -o "FreeRTOS/Source/list.o" "../FreeRTOS/Source/list.c"
Finished building: ../FreeRTOS/Source/list.c
 
Building file: ../FreeRTOS/Source/queue.c
Invoking: GCC C Compiler
gcc -I"/home/adidi/SEAR_workspace/holamundo_c/FreeRTOS/Source/include" -I"/home/adidi/SEAR_workspace/holamundo_c/FreeRTOS/Source/portable/GCC/Posix" -I"/home/adidi/SEAR_workspace/holamundo_c/FreeRTOS/Source/portable/MemMang" -O0 -g3 -Wall -c -fmessage-length=0 -MMD -MP -MF"FreeRTOS/Source/queue.d" -MT"FreeRTOS/Source/queue.o" -o "FreeRTOS/Source/queue.o" "../FreeRTOS/Source/queue.c"
Finished building: ../FreeRTOS/Source/queue.c
 
Building file: ../FreeRTOS/Source/tasks.c
Invoking: GCC C Compiler
gcc -I"/home/adidi/SEAR_workspace/holamundo_c/FreeRTOS/Source/include" -I"/home/adidi/SEAR_workspace/holamundo_c/FreeRTOS/Source/portable/GCC/Posix" -I"/home/adidi/SEAR_workspace/holamundo_c/FreeRTOS/Source/portable/MemMang" -O0 -g3 -Wall -c -fmessage-length=0 -MMD -MP -MF"FreeRTOS/Source/tasks.d" -MT"FreeRTOS/Source/tasks.o" -o "FreeRTOS/Source/tasks.o" "../FreeRTOS/Source/tasks.c"
Finished building: ../FreeRTOS/Source/tasks.c
 
Building file: ../FreeRTOS/Source/timers.c
Invoking: GCC C Compiler
gcc -I"/home/adidi/SEAR_workspace/holamundo_c/FreeRTOS/Source/include" -I"/home/adidi/SEAR_workspace/holamundo_c/FreeRTOS/Source/portable/GCC/Posix" -I"/home/adidi/SEAR_workspace/holamundo_c/FreeRTOS/Source/portable/MemMang" -O0 -g3 -Wall -c -fmessage-length=0 -MMD -MP -MF"FreeRTOS/Source/timers.d" -MT"FreeRTOS/Source/timers.o" -o "FreeRTOS/Source/timers.o" "../FreeRTOS/Source/timers.c"
Finished building: ../FreeRTOS/Source/timers.c
 
Building file: ../main.c
Invoking: GCC C Compiler
gcc -I"/home/adidi/SEAR_workspace/holamundo_c/FreeRTOS/Source/include" -I"/home/adidi/SEAR_workspace/holamundo_c/FreeRTOS/Source/portable/GCC/Posix" -I"/home/adidi/SEAR_workspace/holamundo_c/FreeRTOS/Source/portable/MemMang" -O0 -g3 -Wall -c -fmessage-length=0 -MMD -MP -MF"main.d" -MT"main.o" -o "main.o" "../main.c"
../main.c: In function ‘main’:
../main.c:20:29: warning: pointer targets in passing argument 2 of ‘xTaskCreate’ differ in signedness [-Wpointer-sign]
  xTaskCreate(HolaMundoTask, (const signed char *)"HM",
Finished building: ../main.c
 
Building target: holamundo_c
Invoking: GCC C Linker
gcc  -o "holamundo_c"  ./FreeRTOS/Source/portable/MemMang/heap_3.o  ./FreeRTOS/Source/portable/GCC/Posix/port.o  ./FreeRTOS/Source/croutine.o ./FreeRTOS/Source/event_groups.o ./FreeRTOS/Source/list.o ./FreeRTOS/Source/queue.o ./FreeRTOS/Source/tasks.o ./FreeRTOS/Source/timers.o  ./main.o   -lpthread
                             ^
In file included from ../main.c:9:0:
/home/adidi/SEAR_workspace/holamundo_c/FreeRTOS/Source/include/task.h:360:13: note: expected ‘const char * const’ but argument is of type ‘const signed char *’
  BaseType_t xTaskCreate( TaskFunction_t pxTaskCode,
             ^~~~~~~~~~~
Finished building target: holamundo_c
 

17:40:48 Build Finished. 0 errors, 1 warnings. (took 667ms)

